Using pre-set license
Built from 'HEAD' branch; Version is '2021.3.14f1c1 (3aa525a93a5f) revision 3843365'; Using compiler version '192829333'; Build Type 'Release'
OS: 'Windows 10  (10.0.19045) 64bit ProfessionalWorkstation' Language: 'zh' Physical Memory: 16319 MB
BatchMode: 1, IsHumanControllingUs: 0, StartBugReporterOnCrash: 0, Is64bit: 1, IsPro: 1

COMMAND LINE ARGUMENTS:
E:\Unity\2021.3.14f1c1\Editor\Unity.exe
-adb2
-batchMode
-noUpm
-name
AssetImportWorker0
-projectPath
C:/Users/Administrator/Desktop/A/DancingLineFanmadeTemplate_By_MaxIceFlame
-logFile
Logs/AssetImportWorker0.log
-srvPort
65316
Successfully changed project path to: C:/Users/Administrator/Desktop/A/DancingLineFanmadeTemplate_By_MaxIceFlame
C:/Users/Administrator/Desktop/A/DancingLineFanmadeTemplate_By_MaxIceFlame
[UnityMemory] Configuration Parameters - Can be set up in boot.config
    "memorysetup-bucket-allocator-granularity=16"
    "memorysetup-bucket-allocator-bucket-count=8"
    "memorysetup-bucket-allocator-block-size=33554432"
    "memorysetup-bucket-allocator-block-count=8"
    "memorysetup-main-allocator-block-size=16777216"
    "memorysetup-thread-allocator-block-size=16777216"
    "memorysetup-gfx-main-allocator-block-size=16777216"
    "memorysetup-gfx-thread-allocator-block-size=16777216"
    "memorysetup-cache-allocator-block-size=4194304"
    "memorysetup-typetree-allocator-block-size=2097152"
    "memorysetup-profiler-bucket-allocator-granularity=16"
    "memorysetup-profiler-bucket-allocator-bucket-count=8"
    "memorysetup-profiler-bucket-allocator-block-size=33554432"
    "memorysetup-profiler-bucket-allocator-block-count=8"
    "memorysetup-profiler-allocator-block-size=16777216"
    "memorysetup-profiler-editor-allocator-block-size=1048576"
    "memorysetup-temp-allocator-size-main=16777216"
    "memorysetup-job-temp-allocator-block-size=2097152"
    "memorysetup-job-temp-allocator-block-size-background=1048576"
    "memorysetup-job-temp-allocator-reduction-small-platforms=262144"
    "memorysetup-temp-allocator-size-background-worker=32768"
    "memorysetup-temp-allocator-size-job-worker=262144"
    "memorysetup-temp-allocator-size-preload-manager=33554432"
    "memorysetup-temp-allocator-size-nav-mesh-worker=65536"
    "memorysetup-temp-allocator-size-audio-worker=65536"
    "memorysetup-temp-allocator-size-cloud-worker=32768"
    "memorysetup-temp-allocator-size-gi-baking-worker=262144"
    "memorysetup-temp-allocator-size-gfx=262144"
AS: AutoStreaming module initializing.
Refreshing native plugins compatible for Editor in 70.96 ms, found 3 plugins.
Preloading 0 native plugins for Editor in 0.00 ms.
Initialize engine version: 2021.3.14f1c1 (3aa525a93a5f)
[Subsystems] Discovering subsystems at path E:/Unity/2021.3.14f1c1/Editor/Data/Resources/UnitySubsystems
[Subsystems] Discovering subsystems at path C:/Users/Administrator/Desktop/A/DancingLineFanmadeTemplate_By_MaxIceFlame/Assets
GfxDevice: creating device client; threaded=0; jobified=0
Direct3D:
    Version:  Direct3D 11.0 [level 11.1]
    Renderer: NVIDIA GeForce GTX 1050 Ti (ID=0x1c82)
    Vendor:   NVIDIA
    VRAM:     4017 MB
    Driver:   31.0.15.3623
Initialize mono
Mono path[0] = 'E:/Unity/2021.3.14f1c1/Editor/Data/Managed'
Mono path[1] = 'E:/Unity/2021.3.14f1c1/Editor/Data/MonoBleedingEdge/lib/mono/unityjit-win32'
Mono config path = 'E:/Unity/2021.3.14f1c1/Editor/Data/MonoBleedingEdge/etc'
Using monoOptions --debugger-agent=transport=dt_socket,embedding=1,server=y,suspend=n,address=127.0.0.1:56076
Begin MonoManager ReloadAssembly
Registering precompiled unity dll's ...
Register platform support module: E:/Unity/2021.3.14f1c1/Editor/Data/PlaybackEngines/AndroidPlayer/UnityEditor.Android.Extensions.dll
Register platform support module: E:/Unity/2021.3.14f1c1/Editor/Data/PlaybackEngines/WindowsStandaloneSupport/UnityEditor.WindowsStandalone.Extensions.dll
Registered in 0.002794 seconds.
Native extension for WindowsStandalone target not found
Native extension for Android target not found
Refreshing native plugins compatible for Editor in 66.54 ms, found 3 plugins.
Preloading 0 native plugins for Editor in 0.00 ms.
Mono: successfully reloaded assembly
- Completed reload, in  0.532 seconds
Domain Reload Profiling:
	ReloadAssembly (533ms)
		BeginReloadAssembly (58ms)
			ExecutionOrderSort (0ms)
			DisableScriptedObjects (0ms)
			BackupInstance (0ms)
			ReleaseScriptingObjects (0ms)
			CreateAndSetChildDomain (1ms)
		EndReloadAssembly (386ms)
			LoadAssemblies (56ms)
			RebuildTransferFunctionScriptingTraits (0ms)
			SetupTypeCache (87ms)
			ReleaseScriptCaches (0ms)
			RebuildScriptCaches (23ms)
			SetupLoadedEditorAssemblies (234ms)
				LogAssemblyErrors (0ms)
				InitializePlatformSupportModulesInManaged (45ms)
				SetLoadedEditorAssemblies (0ms)
				RefreshPlugins (67ms)
				BeforeProcessingInitializeOnLoad (1ms)
				ProcessInitializeOnLoadAttributes (81ms)
				ProcessInitializeOnLoadMethodAttributes (40ms)
				AfterProcessingInitializeOnLoad (0ms)
				EditorAssembliesLoaded (0ms)
			ExecutionOrderSort2 (0ms)
			AwakeInstancesAfterBackupRestoration (0ms)
Platform modules already initialized, skipping
Registering precompiled user dll's ...
Registered in 0.014043 seconds.
Begin MonoManager ReloadAssembly
Symbol file LoadedFromMemory doesn't match image C:\Users\Administrator\Desktop\A\DancingLineFanmadeTemplate_By_MaxIceFlame\Library\PackageCache\com.unity.visualscripting@1.7.8\Editor\VisualScripting.Core\Dependencies\YamlDotNet\Unity.VisualScripting.YamlDotNet.dll
Symbol file LoadedFromMemory doesn't match image C:\Users\Administrator\Desktop\A\DancingLineFanmadeTemplate_By_MaxIceFlame\Library\PackageCache\com.unity.visualscripting@1.7.8\Editor\VisualScripting.Core\Dependencies\DotNetZip\Unity.VisualScripting.IonicZip.dll
Native extension for WindowsStandalone target not found
Native extension for Android target not found
Refreshing native plugins compatible for Editor in 0.53 ms, found 3 plugins.
Preloading 0 native plugins for Editor in 0.00 ms.
Mono: successfully reloaded assembly
- Completed reload, in  1.781 seconds
Domain Reload Profiling:
	ReloadAssembly (1781ms)
		BeginReloadAssembly (201ms)
			ExecutionOrderSort (0ms)
			DisableScriptedObjects (5ms)
			BackupInstance (0ms)
			ReleaseScriptingObjects (0ms)
			CreateAndSetChildDomain (127ms)
		EndReloadAssembly (1476ms)
			LoadAssemblies (67ms)
			RebuildTransferFunctionScriptingTraits (0ms)
			SetupTypeCache (209ms)
			ReleaseScriptCaches (0ms)
			RebuildScriptCaches (44ms)
			SetupLoadedEditorAssemblies (1116ms)
				LogAssemblyErrors (0ms)
				InitializePlatformSupportModulesInManaged (12ms)
				SetLoadedEditorAssemblies (0ms)
				RefreshPlugins (1ms)
				BeforeProcessingInitializeOnLoad (65ms)
				ProcessInitializeOnLoadAttributes (987ms)
				ProcessInitializeOnLoadMethodAttributes (45ms)
				AfterProcessingInitializeOnLoad (6ms)
				EditorAssembliesLoaded (0ms)
			ExecutionOrderSort2 (0ms)
			AwakeInstancesAfterBackupRestoration (8ms)
Platform modules already initialized, skipping
========================================================================
Worker process is ready to serve import requests
Launched and connected shader compiler UnityShaderCompiler.exe after 0.03 seconds
Refreshing native plugins compatible for Editor in 0.49 ms, found 3 plugins.
Preloading 0 native plugins for Editor in 0.00 ms.
Unloading 3379 Unused Serialized files (Serialized files now loaded: 0)
Unloading 37 unused Assets / (58.9 KB). Loaded Objects now: 3899.
Memory consumption went from 193.6 MB to 193.5 MB.
Total: 16.192800 ms (FindLiveObjects: 0.285300 ms CreateObjectMapping: 0.239400 ms MarkObjects: 15.558400 ms  DeleteObjects: 0.108500 ms)

AssetImportParameters requested are different than current active one (requested -> active):
  custom:video-decoder-ogg-theora: a1e56fd34408186e4bbccfd4996cb3dc -> 
  custom:container-muxer-webm: aa71ff27fc2769a1b78a27578f13a17b -> 
  custom:container-demuxer-webm: 4f35f7cbe854078d1ac9338744f61a02 -> 
  custom:video-encoder-webm-vp8: eb34c28f22e8b96e1ab97ce403110664 -> 
  custom:audio-encoder-webm-vorbis: bf7c407c2cedff20999df2af8eb42d56 -> 
  custom:framework-win-MediaFoundation: 216162199b28c13a410421893ffa2e32 -> 
  custom:container-demuxer-ogg: 62fdf1f143b41e24485cea50d1cbac27 -> 
  custom:video-decoder-webm-vp8: 9c59270c3fd7afecdb556c50c9e8de78 -> 
  custom:audio-decoder-ogg-vorbis: bf7c407c2cedff20999df2af8eb42d56 -> 
========================================================================
Received Import Request.
  Time since last request: 527111.258791 seconds.
  path: Assets/#Template/[Scripts]/Level/TriggerRenderer.cs
  artifactKey: Guid(a944eb0206eec5843aa28d1ec56ef999) Importer(815301076,1909f56bfc062723c751e8b465ee728b)
Start importing Assets/#Template/[Scripts]/Level/TriggerRenderer.cs using Guid(a944eb0206eec5843aa28d1ec56ef999) Importer(815301076,1909f56bfc062723c751e8b465ee728b)  -> (artifact id: '6d35421060a6c15a7457c010c549beb3') in 0.018890 seconds 
========================================================================
Received Import Request.
  Time since last request: 6.919656 seconds.
  path: Assets/#Template/Trigger.prefab
  artifactKey: Guid(72ff057f6fa118848b9fbc9708ae7252) Importer(815301076,1909f56bfc062723c751e8b465ee728b)
Start importing Assets/#Template/Trigger.prefab using Guid(72ff057f6fa118848b9fbc9708ae7252) Importer(815301076,1909f56bfc062723c751e8b465ee728b)  -> (artifact id: 'a0fba3e6c901837bd55495bd5d3663e6') in 0.019095 seconds 
========================================================================
Received Import Request.
  Time since last request: 43.344290 seconds.
  path: Assets/#Template/Checkpoint.prefab
  artifactKey: Guid(6d68a86c6c01620469aa908e63435db2) Importer(815301076,1909f56bfc062723c751e8b465ee728b)
Start importing Assets/#Template/Checkpoint.prefab using Guid(6d68a86c6c01620469aa908e63435db2) Importer(815301076,1909f56bfc062723c751e8b465ee728b)  -> (artifact id: 'd8c042ed96746cbca2e1e52382de5c8b') in 0.061609 seconds 
========================================================================
Received Import Request.
  Time since last request: 3.134754 seconds.
  path: Assets/#Template/Checkpoint.prefab
  artifactKey: Guid(6d68a86c6c01620469aa908e63435db2) Importer(815301076,1909f56bfc062723c751e8b465ee728b)
Start importing Assets/#Template/Checkpoint.prefab using Guid(6d68a86c6c01620469aa908e63435db2) Importer(815301076,1909f56bfc062723c751e8b465ee728b)  -> (artifact id: '867d19e521ba77e6238724079250ba68') in 0.006965 seconds 
========================================================================
Received Import Request.
  Time since last request: 5.720965 seconds.
  path: Assets/#Template/Checkpoint.prefab
  artifactKey: Guid(6d68a86c6c01620469aa908e63435db2) Importer(815301076,1909f56bfc062723c751e8b465ee728b)
Start importing Assets/#Template/Checkpoint.prefab using Guid(6d68a86c6c01620469aa908e63435db2) Importer(815301076,1909f56bfc062723c751e8b465ee728b)  -> (artifact id: 'c9b1d8672d6eb05e5cad6f993ae9596a') in 0.007410 seconds 
========================================================================
Received Import Request.
  Time since last request: 7.445680 seconds.
  path: Assets/#Template/Checkpoint.prefab
  artifactKey: Guid(6d68a86c6c01620469aa908e63435db2) Importer(815301076,1909f56bfc062723c751e8b465ee728b)
Start importing Assets/#Template/Checkpoint.prefab using Guid(6d68a86c6c01620469aa908e63435db2) Importer(815301076,1909f56bfc062723c751e8b465ee728b)  -> (artifact id: '164b531e1e2395c661fb9f0b8a8ec1eb') in 0.006815 seconds 
========================================================================
Received Import Request.
  Time since last request: 2.411696 seconds.
  path: Assets/#Template/Checkpoint.prefab
  artifactKey: Guid(6d68a86c6c01620469aa908e63435db2) Importer(815301076,1909f56bfc062723c751e8b465ee728b)
Start importing Assets/#Template/Checkpoint.prefab using Guid(6d68a86c6c01620469aa908e63435db2) Importer(815301076,1909f56bfc062723c751e8b465ee728b)  -> (artifact id: 'bb8a0815ef50bc4221cba42f3d6f2b32') in 0.006290 seconds 
========================================================================
Received Import Request.
  Time since last request: 6.436841 seconds.
  path: Assets/#Template/Checkpoint.prefab
  artifactKey: Guid(6d68a86c6c01620469aa908e63435db2) Importer(815301076,1909f56bfc062723c751e8b465ee728b)
Start importing Assets/#Template/Checkpoint.prefab using Guid(6d68a86c6c01620469aa908e63435db2) Importer(815301076,1909f56bfc062723c751e8b465ee728b)  -> (artifact id: '7d4af5a19594cf59e169051c77c53ceb') in 0.006286 seconds 
========================================================================
Received Import Request.
  Time since last request: 0.993618 seconds.
  path: Assets/#Template/Checkpoint.prefab
  artifactKey: Guid(6d68a86c6c01620469aa908e63435db2) Importer(815301076,1909f56bfc062723c751e8b465ee728b)
Start importing Assets/#Template/Checkpoint.prefab using Guid(6d68a86c6c01620469aa908e63435db2) Importer(815301076,1909f56bfc062723c751e8b465ee728b)  -> (artifact id: 'dd9b6d9416623b452e0923e3b684da13') in 0.006375 seconds 
========================================================================
Received Import Request.
  Time since last request: 26.517412 seconds.
  path: Assets/#Template/Pyramid.prefab
  artifactKey: Guid(27f7071cb8fd9a247b5ce14a8296c27d) Importer(815301076,1909f56bfc062723c751e8b465ee728b)
Start importing Assets/#Template/Pyramid.prefab using Guid(27f7071cb8fd9a247b5ce14a8296c27d) Importer(815301076,1909f56bfc062723c751e8b465ee728b)  -> (artifact id: 'e5163accbdb03af9cdf4298b7b23912d') in 0.007952 seconds 
========================================================================
Received Import Request.
  Time since last request: 3.161135 seconds.
  path: Assets/#Template/Pyramid.prefab
  artifactKey: Guid(27f7071cb8fd9a247b5ce14a8296c27d) Importer(815301076,1909f56bfc062723c751e8b465ee728b)
Start importing Assets/#Template/Pyramid.prefab using Guid(27f7071cb8fd9a247b5ce14a8296c27d) Importer(815301076,1909f56bfc062723c751e8b465ee728b)  -> (artifact id: 'e258540fd9c218bd9b8cf6f37c85983b') in 0.005761 seconds 
========================================================================
Received Import Request.
  Time since last request: 1.396589 seconds.
  path: Assets/#Template/Pyramid.prefab
  artifactKey: Guid(27f7071cb8fd9a247b5ce14a8296c27d) Importer(815301076,1909f56bfc062723c751e8b465ee728b)
Start importing Assets/#Template/Pyramid.prefab using Guid(27f7071cb8fd9a247b5ce14a8296c27d) Importer(815301076,1909f56bfc062723c751e8b465ee728b)  -> (artifact id: 'c25aefbdbf497a3eb32f8d483eb448bf') in 0.005766 seconds 
========================================================================
Received Import Request.
  Time since last request: 6.651916 seconds.
  path: Assets/#Template/Pyramid.prefab
  artifactKey: Guid(27f7071cb8fd9a247b5ce14a8296c27d) Importer(815301076,1909f56bfc062723c751e8b465ee728b)
Start importing Assets/#Template/Pyramid.prefab using Guid(27f7071cb8fd9a247b5ce14a8296c27d) Importer(815301076,1909f56bfc062723c751e8b465ee728b)  -> (artifact id: '607e41d88a832b82fcc69c066fb13048') in 0.005650 seconds 
========================================================================
Received Import Request.
  Time since last request: 1.206344 seconds.
  path: Assets/#Template/Pyramid.prefab
  artifactKey: Guid(27f7071cb8fd9a247b5ce14a8296c27d) Importer(815301076,1909f56bfc062723c751e8b465ee728b)
Start importing Assets/#Template/Pyramid.prefab using Guid(27f7071cb8fd9a247b5ce14a8296c27d) Importer(815301076,1909f56bfc062723c751e8b465ee728b)  -> (artifact id: '44cb999b587c17517143a7405b4c3c0e') in 0.005512 seconds 
========================================================================
Received Import Request.
  Time since last request: 3.214365 seconds.
  path: Assets/#Template/Pyramid.prefab
  artifactKey: Guid(27f7071cb8fd9a247b5ce14a8296c27d) Importer(815301076,1909f56bfc062723c751e8b465ee728b)
Start importing Assets/#Template/Pyramid.prefab using Guid(27f7071cb8fd9a247b5ce14a8296c27d) Importer(815301076,1909f56bfc062723c751e8b465ee728b)  -> (artifact id: 'fcde9e4a053f304bdbc64d73431c589b') in 0.005845 seconds 
========================================================================
Received Import Request.
  Time since last request: 1.001335 seconds.
  path: Assets/#Template/Pyramid.prefab
  artifactKey: Guid(27f7071cb8fd9a247b5ce14a8296c27d) Importer(815301076,1909f56bfc062723c751e8b465ee728b)
Start importing Assets/#Template/Pyramid.prefab using Guid(27f7071cb8fd9a247b5ce14a8296c27d) Importer(815301076,1909f56bfc062723c751e8b465ee728b)  -> (artifact id: '1add9e193de5ab04505a14925e3a0216') in 0.005916 seconds 
========================================================================
Received Import Request.
  Time since last request: 6.241361 seconds.
  path: Assets/#Template/Pyramid.prefab
  artifactKey: Guid(27f7071cb8fd9a247b5ce14a8296c27d) Importer(815301076,1909f56bfc062723c751e8b465ee728b)
Start importing Assets/#Template/Pyramid.prefab using Guid(27f7071cb8fd9a247b5ce14a8296c27d) Importer(815301076,1909f56bfc062723c751e8b465ee728b)  -> (artifact id: '5239d61d89193b774e936ee0936ad1ba') in 0.005677 seconds 
========================================================================
Received Import Request.
  Time since last request: 1.616928 seconds.
  path: Assets/#Template/Pyramid.prefab
  artifactKey: Guid(27f7071cb8fd9a247b5ce14a8296c27d) Importer(815301076,1909f56bfc062723c751e8b465ee728b)
Start importing Assets/#Template/Pyramid.prefab using Guid(27f7071cb8fd9a247b5ce14a8296c27d) Importer(815301076,1909f56bfc062723c751e8b465ee728b)  -> (artifact id: 'b3df54942847ee9f4f4942ac4ab9eb2b') in 0.008180 seconds 
========================================================================
Received Import Request.
  Time since last request: 1.195373 seconds.
  path: Assets/#Template/Pyramid.prefab
  artifactKey: Guid(27f7071cb8fd9a247b5ce14a8296c27d) Importer(815301076,1909f56bfc062723c751e8b465ee728b)
Start importing Assets/#Template/Pyramid.prefab using Guid(27f7071cb8fd9a247b5ce14a8296c27d) Importer(815301076,1909f56bfc062723c751e8b465ee728b)  -> (artifact id: 'b2066c625d3fe0b718ccd2a30459acaa') in 0.005892 seconds 
========================================================================
Received Import Request.
  Time since last request: 2.407801 seconds.
  path: Assets/#Template/Pyramid.prefab
  artifactKey: Guid(27f7071cb8fd9a247b5ce14a8296c27d) Importer(815301076,1909f56bfc062723c751e8b465ee728b)
Start importing Assets/#Template/Pyramid.prefab using Guid(27f7071cb8fd9a247b5ce14a8296c27d) Importer(815301076,1909f56bfc062723c751e8b465ee728b)  -> (artifact id: 'e4f512fd44af52252666a18e79e42e44') in 0.005763 seconds 
========================================================================
Received Import Request.
  Time since last request: 1.010193 seconds.
  path: Assets/#Template/Pyramid.prefab
  artifactKey: Guid(27f7071cb8fd9a247b5ce14a8296c27d) Importer(815301076,1909f56bfc062723c751e8b465ee728b)
Start importing Assets/#Template/Pyramid.prefab using Guid(27f7071cb8fd9a247b5ce14a8296c27d) Importer(815301076,1909f56bfc062723c751e8b465ee728b)  -> (artifact id: '092646717565ebc4cbaada55680b6044') in 0.005810 seconds 
========================================================================
Received Import Request.
  Time since last request: 14.541194 seconds.
  path: Assets/#Template/Pyramid.prefab
  artifactKey: Guid(27f7071cb8fd9a247b5ce14a8296c27d) Importer(815301076,1909f56bfc062723c751e8b465ee728b)
Start importing Assets/#Template/Pyramid.prefab using Guid(27f7071cb8fd9a247b5ce14a8296c27d) Importer(815301076,1909f56bfc062723c751e8b465ee728b)  -> (artifact id: 'bf6025c970b543c32f79b906dacc59c2') in 0.006859 seconds 
========================================================================
Received Import Request.
  Time since last request: 1.407173 seconds.
  path: Assets/#Template/Pyramid.prefab
  artifactKey: Guid(27f7071cb8fd9a247b5ce14a8296c27d) Importer(815301076,1909f56bfc062723c751e8b465ee728b)
Start importing Assets/#Template/Pyramid.prefab using Guid(27f7071cb8fd9a247b5ce14a8296c27d) Importer(815301076,1909f56bfc062723c751e8b465ee728b)  -> (artifact id: 'a12444eb66238a67f86124d0470da88e') in 0.006447 seconds 
========================================================================
Received Import Request.
  Time since last request: 2.037526 seconds.
  path: Assets/#Template/Pyramid.prefab
  artifactKey: Guid(27f7071cb8fd9a247b5ce14a8296c27d) Importer(815301076,1909f56bfc062723c751e8b465ee728b)
Start importing Assets/#Template/Pyramid.prefab using Guid(27f7071cb8fd9a247b5ce14a8296c27d) Importer(815301076,1909f56bfc062723c751e8b465ee728b)  -> (artifact id: 'f7be4564c805dbd0b37415b5f1e1176c') in 0.005614 seconds 
========================================================================
Received Import Request.
  Time since last request: 0.998347 seconds.
  path: Assets/#Template/Pyramid.prefab
  artifactKey: Guid(27f7071cb8fd9a247b5ce14a8296c27d) Importer(815301076,1909f56bfc062723c751e8b465ee728b)
Start importing Assets/#Template/Pyramid.prefab using Guid(27f7071cb8fd9a247b5ce14a8296c27d) Importer(815301076,1909f56bfc062723c751e8b465ee728b)  -> (artifact id: '55a78bc21ac0b4dbdae008b5250d3deb') in 0.006604 seconds 
========================================================================
Received Import Request.
  Time since last request: 23.381914 seconds.
  path: Assets/#Template/Checkpoint.prefab
  artifactKey: Guid(6d68a86c6c01620469aa908e63435db2) Importer(815301076,1909f56bfc062723c751e8b465ee728b)
Start importing Assets/#Template/Checkpoint.prefab using Guid(6d68a86c6c01620469aa908e63435db2) Importer(815301076,1909f56bfc062723c751e8b465ee728b)  -> (artifact id: '59e436723c76f1e2a11ed73f1a8190f6') in 0.006599 seconds 
